


ARM Macro Assembler    Page 1 


    1 00000000         ;******************** (C) COPYRIGHT 2011 STMicroelectron
                       ics ********************
    2 00000000         ;* File Name          : startup_stm32f10x_md.s
    3 00000000         ;* Author             : MCD Application Team
    4 00000000         ;* Version            : V3.5.0
    5 00000000         ;* Date               : 11-March-2011
    6 00000000         ;* Description        : STM32F10x Medium Density Devices
                        vector table for MDK-ARM 
    7 00000000         ;*                      toolchain.  
    8 00000000         ;*                      This module performs:
    9 00000000         ;*                      - Set the initial SP
   10 00000000         ;*                      - Set the initial PC == Reset_Ha
                       ndler
   11 00000000         ;*                      - Set the vector table entries w
                       ith the exceptions ISR address
   12 00000000         ;*                      - Configure the clock system
   13 00000000         ;*                      - Branches to __main in the C li
                       brary (which eventually
   14 00000000         ;*                        calls main()).
   15 00000000         ;*                      After Reset the CortexM3 process
                       or is in Thread mode,
   16 00000000         ;*                      priority is Privileged, and the 
                       Stack is set to Main.
   17 00000000         ;* <<< Use Configuration Wizard in Context Menu >>>   
   18 00000000         ;*******************************************************
                       ************************
   19 00000000         ; THE PRESENT FIRMWARE WHICH IS FOR GUIDANCE ONLY AIMS A
                       T PROVIDING CUSTOMERS
   20 00000000         ; WITH CODING INFORMATION REGARDING THEIR PRODUCTS IN OR
                       DER FOR THEM TO SAVE TIME.
   21 00000000         ; AS A RESULT, STMICROELECTRONICS SHALL NOT BE HELD LIAB
                       LE FOR ANY DIRECT,
   22 00000000         ; INDIRECT OR CONSEQUENTIAL DAMAGES WITH RESPECT TO ANY 
                       CLAIMS ARISING FROM THE
   23 00000000         ; CONTENT OF SUCH FIRMWARE AND/OR THE USE MADE BY CUSTOM
                       ERS OF THE CODING
   24 00000000         ; INFORMATION CONTAINED HEREIN IN CONNECTION WITH THEIR 
                       PRODUCTS.
   25 00000000         ;*******************************************************
                       ************************
   26 00000000         
   27 00000000         ; Amount of memory (in bytes) allocated for Stack
   28 00000000         ; Tailor this value to your application needs
   29 00000000         ; <h> Stack Configuration
   30 00000000         ;   <o> Stack Size (in Bytes) <0x0-0xFFFFFFFF:8>
   31 00000000         ; </h>
   32 00000000         
   33 00000000 00000200 
                       Stack_Size
                               EQU              0x00000200
   34 00000000         
   35 00000000                 AREA             STACK, NOINIT, READWRITE, ALIGN
=3
   36 00000000         Stack_Mem
                               SPACE            Stack_Size
   37 00000200         __initial_sp
   38 00000200         
   39 00000200         
   40 00000200         ; <h> Heap Configuration



ARM Macro Assembler    Page 2 


   41 00000200         ;   <o>  Heap Size (in Bytes) <0x0-0xFFFFFFFF:8>
   42 00000200         ; </h>
   43 00000200         
   44 00000200 00000200 
                       Heap_Size
                               EQU              0x00000200
   45 00000200         
   46 00000200                 AREA             HEAP, NOINIT, READWRITE, ALIGN=
3
   47 00000000         __heap_base
   48 00000000         Heap_Mem
                               SPACE            Heap_Size
   49 00000200         __heap_limit
   50 00000200         
   51 00000200                 PRESERVE8
   52 00000200                 THUMB
   53 00000200         
   54 00000200                 IMPORT           xPortPendSVHandler
   55 00000200                 IMPORT           xPortSysTickHandler
   56 00000200                 IMPORT           vPortSVCHandler
   57 00000200         
   58 00000200         
   59 00000200         ; Vector Table Mapped to Address 0 at Reset
   60 00000200                 AREA             RESET, DATA, READONLY
   61 00000000                 EXPORT           __Vectors
   62 00000000                 EXPORT           __Vectors_End
   63 00000000                 EXPORT           __Vectors_Size
   64 00000000         
   65 00000000 00000000 
                       __Vectors
                               DCD              __initial_sp ; Top of Stack
   66 00000004 00000000        DCD              Reset_Handler ; Reset Handler
   67 00000008 00000000        DCD              NMI_Handler ; NMI Handler
   68 0000000C 00000000        DCD              HardFault_Handler ; Hard Fault 
                                                            Handler
   69 00000010 00000000        DCD              MemManage_Handler 
                                                            ; MPU Fault Handler
                                                            
   70 00000014 00000000        DCD              BusFault_Handler 
                                                            ; Bus Fault Handler
                                                            
   71 00000018 00000000        DCD              UsageFault_Handler ; Usage Faul
                                                            t Handler
   72 0000001C 00000000        DCD              0           ; Reserved
   73 00000020 00000000        DCD              0           ; Reserved
   74 00000024 00000000        DCD              0           ; Reserved
   75 00000028 00000000        DCD              0           ; Reserved
   76 0000002C         ; DCD     SVC_Handler                ; SVCall Handler
   77 0000002C 00000000        DCD              vPortSVCHandler 
                                                            ; SVCall Handler
   78 00000030         
   79 00000030 00000000        DCD              DebugMon_Handler ; Debug Monito
                                                            r Handler
   80 00000034 00000000        DCD              0           ; Reserved
   81 00000038         ; DCD     PendSV_Handler             ; PendSV Handler
   82 00000038 00000000        DCD              xPortPendSVHandler 
                                                            ; PendSV Handler
   83 0000003C         ; DCD     SysTick_Handler            ; SysTick Handler
   84 0000003C 00000000        DCD              xPortSysTickHandler 



ARM Macro Assembler    Page 3 


                                                            ; SysTick Handler
   85 00000040         
   86 00000040         
   87 00000040         
   88 00000040         
   89 00000040         
   90 00000040         
   91 00000040         ; External Interrupts
   92 00000040 00000000        DCD              WWDG_IRQHandler 
                                                            ; Window Watchdog
   93 00000044 00000000        DCD              PVD_IRQHandler ; PVD through EX
                                                            TI Line detect
   94 00000048 00000000        DCD              TAMPER_IRQHandler ; Tamper
   95 0000004C 00000000        DCD              RTC_IRQHandler ; RTC
   96 00000050 00000000        DCD              FLASH_IRQHandler ; Flash
   97 00000054 00000000        DCD              RCC_IRQHandler ; RCC
   98 00000058 00000000        DCD              EXTI0_IRQHandler ; EXTI Line 0
   99 0000005C 00000000        DCD              EXTI1_IRQHandler ; EXTI Line 1
  100 00000060 00000000        DCD              EXTI2_IRQHandler ; EXTI Line 2
  101 00000064 00000000        DCD              EXTI3_IRQHandler ; EXTI Line 3
  102 00000068 00000000        DCD              EXTI4_IRQHandler ; EXTI Line 4
  103 0000006C 00000000        DCD              DMA1_Channel1_IRQHandler 
                                                            ; DMA1 Channel 1
  104 00000070 00000000        DCD              DMA1_Channel2_IRQHandler 
                                                            ; DMA1 Channel 2
  105 00000074 00000000        DCD              DMA1_Channel3_IRQHandler 
                                                            ; DMA1 Channel 3
  106 00000078 00000000        DCD              DMA1_Channel4_IRQHandler 
                                                            ; DMA1 Channel 4
  107 0000007C 00000000        DCD              DMA1_Channel5_IRQHandler 
                                                            ; DMA1 Channel 5
  108 00000080 00000000        DCD              DMA1_Channel6_IRQHandler 
                                                            ; DMA1 Channel 6
  109 00000084 00000000        DCD              DMA1_Channel7_IRQHandler 
                                                            ; DMA1 Channel 7
  110 00000088 00000000        DCD              ADC1_2_IRQHandler ; ADC1_2
  111 0000008C 00000000        DCD              USB_HP_CAN1_TX_IRQHandler ; USB
                                                             High Priority or C
                                                            AN1 TX
  112 00000090 00000000        DCD              USB_LP_CAN1_RX0_IRQHandler ; US
                                                            B Low  Priority or 
                                                            CAN1 RX0
  113 00000094 00000000        DCD              CAN1_RX1_IRQHandler ; CAN1 RX1
  114 00000098 00000000        DCD              CAN1_SCE_IRQHandler ; CAN1 SCE
  115 0000009C 00000000        DCD              EXTI9_5_IRQHandler 
                                                            ; EXTI Line 9..5
  116 000000A0 00000000        DCD              TIM1_BRK_IRQHandler 
                                                            ; TIM1 Break
  117 000000A4 00000000        DCD              TIM1_UP_IRQHandler 
                                                            ; TIM1 Update
  118 000000A8 00000000        DCD              TIM1_TRG_COM_IRQHandler ; TIM1 
                                                            Trigger and Commuta
                                                            tion
  119 000000AC 00000000        DCD              TIM1_CC_IRQHandler ; TIM1 Captu
                                                            re Compare
  120 000000B0 00000000        DCD              TIM2_IRQHandler ; TIM2
  121 000000B4 00000000        DCD              TIM3_IRQHandler ; TIM3
  122 000000B8 00000000        DCD              TIM4_IRQHandler ; TIM4
  123 000000BC 00000000        DCD              I2C1_EV_IRQHandler ; I2C1 Event



ARM Macro Assembler    Page 4 


                                                            
  124 000000C0 00000000        DCD              I2C1_ER_IRQHandler ; I2C1 Error
                                                            
  125 000000C4 00000000        DCD              I2C2_EV_IRQHandler ; I2C2 Event
                                                            
  126 000000C8 00000000        DCD              I2C2_ER_IRQHandler ; I2C2 Error
                                                            
  127 000000CC 00000000        DCD              SPI1_IRQHandler ; SPI1
  128 000000D0 00000000        DCD              SPI2_IRQHandler ; SPI2
  129 000000D4 00000000        DCD              USART1_IRQHandler ; USART1
  130 000000D8 00000000        DCD              USART2_IRQHandler ; USART2
  131 000000DC 00000000        DCD              USART3_IRQHandler ; USART3
  132 000000E0 00000000        DCD              EXTI15_10_IRQHandler 
                                                            ; EXTI Line 15..10
  133 000000E4 00000000        DCD              RTCAlarm_IRQHandler ; RTC Alarm
                                                             through EXTI Line
  134 000000E8 00000000        DCD              USBWakeUp_IRQHandler ; USB Wake
                                                            up from suspend
  135 000000EC         __Vectors_End
  136 000000EC         
  137 000000EC 000000EC 
                       __Vectors_Size
                               EQU              __Vectors_End - __Vectors
  138 000000EC         
  139 000000EC                 AREA             |.text|, CODE, READONLY
  140 00000000         
  141 00000000         ; Reset handler
  142 00000000         Reset_Handler
                               PROC
  143 00000000                 EXPORT           Reset_Handler             [WEAK
]
  144 00000000                 IMPORT           __main
  145 00000000         ;IMPORT  SystemInit
  146 00000000         ;LDR     R0, =SystemInit
  147 00000000         ;BLX     R0
  148 00000000 4805            LDR              R0, =__main
  149 00000002 4700            BX               R0
  150 00000004                 ENDP
  151 00000004         
  152 00000004         ; Dummy Exception Handlers (infinite loops which can be 
                       modified)
  153 00000004         
  154 00000004         NMI_Handler
                               PROC
  155 00000004                 EXPORT           NMI_Handler                [WEA
K]
  156 00000004 E7FE            B                .
  157 00000006                 ENDP
  159 00000006         HardFault_Handler
                               PROC
  160 00000006                 EXPORT           HardFault_Handler          [WEA
K]
  161 00000006 E7FE            B                .
  162 00000008                 ENDP
  164 00000008         MemManage_Handler
                               PROC
  165 00000008                 EXPORT           MemManage_Handler          [WEA
K]
  166 00000008 E7FE            B                .



ARM Macro Assembler    Page 5 


  167 0000000A                 ENDP
  169 0000000A         BusFault_Handler
                               PROC
  170 0000000A                 EXPORT           BusFault_Handler           [WEA
K]
  171 0000000A E7FE            B                .
  172 0000000C                 ENDP
  174 0000000C         UsageFault_Handler
                               PROC
  175 0000000C                 EXPORT           UsageFault_Handler         [WEA
K]
  176 0000000C E7FE            B                .
  177 0000000E                 ENDP
  178 0000000E         SVC_Handler
                               PROC
  179 0000000E                 EXPORT           SVC_Handler                [WEA
K]
  180 0000000E E7FE            B                .
  181 00000010                 ENDP
  183 00000010         DebugMon_Handler
                               PROC
  184 00000010                 EXPORT           DebugMon_Handler           [WEA
K]
  185 00000010 E7FE            B                .
  186 00000012                 ENDP
  187 00000012         PendSV_Handler
                               PROC
  188 00000012                 EXPORT           PendSV_Handler             [WEA
K]
  189 00000012 E7FE            B                .
  190 00000014                 ENDP
  191 00000014         SysTick_Handler
                               PROC
  192 00000014                 EXPORT           SysTick_Handler            [WEA
K]
  193 00000014 E7FE            B                .
  194 00000016                 ENDP
  195 00000016         
  196 00000016         Default_Handler
                               PROC
  197 00000016         
  198 00000016                 EXPORT           WWDG_IRQHandler            [WEA
K]
  199 00000016                 EXPORT           PVD_IRQHandler             [WEA
K]
  200 00000016                 EXPORT           TAMPER_IRQHandler          [WEA
K]
  201 00000016                 EXPORT           RTC_IRQHandler             [WEA
K]
  202 00000016                 EXPORT           FLASH_IRQHandler           [WEA
K]
  203 00000016                 EXPORT           RCC_IRQHandler             [WEA
K]
  204 00000016                 EXPORT           EXTI0_IRQHandler           [WEA
K]
  205 00000016                 EXPORT           EXTI1_IRQHandler           [WEA
K]
  206 00000016                 EXPORT           EXTI2_IRQHandler           [WEA
K]



ARM Macro Assembler    Page 6 


  207 00000016                 EXPORT           EXTI3_IRQHandler           [WEA
K]
  208 00000016                 EXPORT           EXTI4_IRQHandler           [WEA
K]
  209 00000016                 EXPORT           DMA1_Channel1_IRQHandler   [WEA
K]
  210 00000016                 EXPORT           DMA1_Channel2_IRQHandler   [WEA
K]
  211 00000016                 EXPORT           DMA1_Channel3_IRQHandler   [WEA
K]
  212 00000016                 EXPORT           DMA1_Channel4_IRQHandler   [WEA
K]
  213 00000016                 EXPORT           DMA1_Channel5_IRQHandler   [WEA
K]
  214 00000016                 EXPORT           DMA1_Channel6_IRQHandler   [WEA
K]
  215 00000016                 EXPORT           DMA1_Channel7_IRQHandler   [WEA
K]
  216 00000016                 EXPORT           ADC1_2_IRQHandler          [WEA
K]
  217 00000016                 EXPORT           USB_HP_CAN1_TX_IRQHandler  [WEA
K]
  218 00000016                 EXPORT           USB_LP_CAN1_RX0_IRQHandler [WEA
K]
  219 00000016                 EXPORT           CAN1_RX1_IRQHandler        [WEA
K]
  220 00000016                 EXPORT           CAN1_SCE_IRQHandler        [WEA
K]
  221 00000016                 EXPORT           EXTI9_5_IRQHandler         [WEA
K]
  222 00000016                 EXPORT           TIM1_BRK_IRQHandler        [WEA
K]
  223 00000016                 EXPORT           TIM1_UP_IRQHandler         [WEA
K]
  224 00000016                 EXPORT           TIM1_TRG_COM_IRQHandler    [WEA
K]
  225 00000016                 EXPORT           TIM1_CC_IRQHandler         [WEA
K]
  226 00000016                 EXPORT           TIM2_IRQHandler            [WEA
K]
  227 00000016                 EXPORT           TIM3_IRQHandler            [WEA
K]
  228 00000016                 EXPORT           TIM4_IRQHandler            [WEA
K]
  229 00000016                 EXPORT           I2C1_EV_IRQHandler         [WEA
K]
  230 00000016                 EXPORT           I2C1_ER_IRQHandler         [WEA
K]
  231 00000016                 EXPORT           I2C2_EV_IRQHandler         [WEA
K]
  232 00000016                 EXPORT           I2C2_ER_IRQHandler         [WEA
K]
  233 00000016                 EXPORT           SPI1_IRQHandler            [WEA
K]
  234 00000016                 EXPORT           SPI2_IRQHandler            [WEA
K]
  235 00000016                 EXPORT           USART1_IRQHandler          [WEA
K]
  236 00000016                 EXPORT           USART2_IRQHandler          [WEA



ARM Macro Assembler    Page 7 


K]
  237 00000016                 EXPORT           USART3_IRQHandler          [WEA
K]
  238 00000016                 EXPORT           EXTI15_10_IRQHandler       [WEA
K]
  239 00000016                 EXPORT           RTCAlarm_IRQHandler        [WEA
K]
  240 00000016                 EXPORT           USBWakeUp_IRQHandler       [WEA
K]
  241 00000016         
  242 00000016         WWDG_IRQHandler
  243 00000016         PVD_IRQHandler
  244 00000016         TAMPER_IRQHandler
  245 00000016         RTC_IRQHandler
  246 00000016         FLASH_IRQHandler
  247 00000016         RCC_IRQHandler
  248 00000016         EXTI0_IRQHandler
  249 00000016         EXTI1_IRQHandler
  250 00000016         EXTI2_IRQHandler
  251 00000016         EXTI3_IRQHandler
  252 00000016         EXTI4_IRQHandler
  253 00000016         DMA1_Channel1_IRQHandler
  254 00000016         DMA1_Channel2_IRQHandler
  255 00000016         DMA1_Channel3_IRQHandler
  256 00000016         DMA1_Channel4_IRQHandler
  257 00000016         DMA1_Channel5_IRQHandler
  258 00000016         DMA1_Channel6_IRQHandler
  259 00000016         DMA1_Channel7_IRQHandler
  260 00000016         ADC1_2_IRQHandler
  261 00000016         USB_HP_CAN1_TX_IRQHandler
  262 00000016         USB_LP_CAN1_RX0_IRQHandler
  263 00000016         CAN1_RX1_IRQHandler
  264 00000016         CAN1_SCE_IRQHandler
  265 00000016         EXTI9_5_IRQHandler
  266 00000016         TIM1_BRK_IRQHandler
  267 00000016         TIM1_UP_IRQHandler
  268 00000016         TIM1_TRG_COM_IRQHandler
  269 00000016         TIM1_CC_IRQHandler
  270 00000016         TIM2_IRQHandler
  271 00000016         TIM3_IRQHandler
  272 00000016         TIM4_IRQHandler
  273 00000016         I2C1_EV_IRQHandler
  274 00000016         I2C1_ER_IRQHandler
  275 00000016         I2C2_EV_IRQHandler
  276 00000016         I2C2_ER_IRQHandler
  277 00000016         SPI1_IRQHandler
  278 00000016         SPI2_IRQHandler
  279 00000016         USART1_IRQHandler
  280 00000016         USART2_IRQHandler
  281 00000016         USART3_IRQHandler
  282 00000016         EXTI15_10_IRQHandler
  283 00000016         RTCAlarm_IRQHandler
  284 00000016         USBWakeUp_IRQHandler
  285 00000016         
  286 00000016 E7FE            B                .
  287 00000018         
  288 00000018                 ENDP
  289 00000018         
  290 00000018                 ALIGN



ARM Macro Assembler    Page 8 


  291 00000018         
  292 00000018         ;*******************************************************
                       ************************
  293 00000018         ; User Stack and Heap initialization
  294 00000018         ;*******************************************************
                       ************************
  295 00000018                 IF               :DEF:__MICROLIB
  296 00000018         
  297 00000018                 EXPORT           __initial_sp
  298 00000018                 EXPORT           __heap_base
  299 00000018                 EXPORT           __heap_limit
  300 00000018         
  301 00000018                 ELSE
  316                          ENDIF
  317 00000018         
  318 00000018                 END
              00000000 
Command Line: --debug --xref --diag_suppress=9931 --cpu=Cortex-M3 --apcs=interw
ork --depend=.\out\startup_stm32f10x_md.d -o.\out\startup_stm32f10x_md.o -I.\RT
E\_FLASH -IE:\Keil_v5\ARM\PACK\ARM\CMSIS\5.2.0\CMSIS\Include -IE:\Keil_v5\ARM\P
ACK\Keil\STM32F1xx_DFP\2.2.0\Device\Include --predefine="__MICROLIB SETA 1" --p
redefine="__UVISION_VERSION SETA 524" --predefine="_RTE_ SETA 1" --predefine="S
TM32F10X_MD SETA 1" --list=.\out\startup_stm32f10x_md.lst startup_stm32f10x_md.
s



ARM Macro Assembler    Page 1 Alphabetic symbol ordering
Relocatable symbols

STACK 00000000

Symbol: STACK
   Definitions
      At line 35 in file startup_stm32f10x_md.s
   Uses
      None
Comment: STACK unused
Stack_Mem 00000000

Symbol: Stack_Mem
   Definitions
      At line 36 in file startup_stm32f10x_md.s
   Uses
      None
Comment: Stack_Mem unused
__initial_sp 00000200

Symbol: __initial_sp
   Definitions
      At line 37 in file startup_stm32f10x_md.s
   Uses
      At line 65 in file startup_stm32f10x_md.s
      At line 297 in file startup_stm32f10x_md.s

3 symbols



ARM Macro Assembler    Page 1 Alphabetic symbol ordering
Relocatable symbols

HEAP 00000000

Symbol: HEAP
   Definitions
      At line 46 in file startup_stm32f10x_md.s
   Uses
      None
Comment: HEAP unused
Heap_Mem 00000000

Symbol: Heap_Mem
   Definitions
      At line 48 in file startup_stm32f10x_md.s
   Uses
      None
Comment: Heap_Mem unused
__heap_base 00000000

Symbol: __heap_base
   Definitions
      At line 47 in file startup_stm32f10x_md.s
   Uses
      At line 298 in file startup_stm32f10x_md.s
Comment: __heap_base used once
__heap_limit 00000200

Symbol: __heap_limit
   Definitions
      At line 49 in file startup_stm32f10x_md.s
   Uses
      At line 299 in file startup_stm32f10x_md.s
Comment: __heap_limit used once
4 symbols



ARM Macro Assembler    Page 1 Alphabetic symbol ordering
Relocatable symbols

RESET 00000000

Symbol: RESET
   Definitions
      At line 60 in file startup_stm32f10x_md.s
   Uses
      None
Comment: RESET unused
__Vectors 00000000

Symbol: __Vectors
   Definitions
      At line 65 in file startup_stm32f10x_md.s
   Uses
      At line 61 in file startup_stm32f10x_md.s
      At line 137 in file startup_stm32f10x_md.s

__Vectors_End 000000EC

Symbol: __Vectors_End
   Definitions
      At line 135 in file startup_stm32f10x_md.s
   Uses
      At line 62 in file startup_stm32f10x_md.s
      At line 137 in file startup_stm32f10x_md.s

3 symbols



ARM Macro Assembler    Page 1 Alphabetic symbol ordering
Relocatable symbols

.text 00000000

Symbol: .text
   Definitions
      At line 139 in file startup_stm32f10x_md.s
   Uses
      None
Comment: .text unused
ADC1_2_IRQHandler 00000016

Symbol: ADC1_2_IRQHandler
   Definitions
      At line 260 in file startup_stm32f10x_md.s
   Uses
      At line 110 in file startup_stm32f10x_md.s
      At line 216 in file startup_stm32f10x_md.s

BusFault_Handler 0000000A

Symbol: BusFault_Handler
   Definitions
      At line 169 in file startup_stm32f10x_md.s
   Uses
      At line 70 in file startup_stm32f10x_md.s
      At line 170 in file startup_stm32f10x_md.s

CAN1_RX1_IRQHandler 00000016

Symbol: CAN1_RX1_IRQHandler
   Definitions
      At line 263 in file startup_stm32f10x_md.s
   Uses
      At line 113 in file startup_stm32f10x_md.s
      At line 219 in file startup_stm32f10x_md.s

CAN1_SCE_IRQHandler 00000016

Symbol: CAN1_SCE_IRQHandler
   Definitions
      At line 264 in file startup_stm32f10x_md.s
   Uses
      At line 114 in file startup_stm32f10x_md.s
      At line 220 in file startup_stm32f10x_md.s

DMA1_Channel1_IRQHandler 00000016

Symbol: DMA1_Channel1_IRQHandler
   Definitions
      At line 253 in file startup_stm32f10x_md.s
   Uses
      At line 103 in file startup_stm32f10x_md.s
      At line 209 in file startup_stm32f10x_md.s

DMA1_Channel2_IRQHandler 00000016

Symbol: DMA1_Channel2_IRQHandler
   Definitions
      At line 254 in file startup_stm32f10x_md.s
   Uses



ARM Macro Assembler    Page 2 Alphabetic symbol ordering
Relocatable symbols

      At line 104 in file startup_stm32f10x_md.s
      At line 210 in file startup_stm32f10x_md.s

DMA1_Channel3_IRQHandler 00000016

Symbol: DMA1_Channel3_IRQHandler
   Definitions
      At line 255 in file startup_stm32f10x_md.s
   Uses
      At line 105 in file startup_stm32f10x_md.s
      At line 211 in file startup_stm32f10x_md.s

DMA1_Channel4_IRQHandler 00000016

Symbol: DMA1_Channel4_IRQHandler
   Definitions
      At line 256 in file startup_stm32f10x_md.s
   Uses
      At line 106 in file startup_stm32f10x_md.s
      At line 212 in file startup_stm32f10x_md.s

DMA1_Channel5_IRQHandler 00000016

Symbol: DMA1_Channel5_IRQHandler
   Definitions
      At line 257 in file startup_stm32f10x_md.s
   Uses
      At line 107 in file startup_stm32f10x_md.s
      At line 213 in file startup_stm32f10x_md.s

DMA1_Channel6_IRQHandler 00000016

Symbol: DMA1_Channel6_IRQHandler
   Definitions
      At line 258 in file startup_stm32f10x_md.s
   Uses
      At line 108 in file startup_stm32f10x_md.s
      At line 214 in file startup_stm32f10x_md.s

DMA1_Channel7_IRQHandler 00000016

Symbol: DMA1_Channel7_IRQHandler
   Definitions
      At line 259 in file startup_stm32f10x_md.s
   Uses
      At line 109 in file startup_stm32f10x_md.s
      At line 215 in file startup_stm32f10x_md.s

DebugMon_Handler 00000010

Symbol: DebugMon_Handler
   Definitions
      At line 183 in file startup_stm32f10x_md.s
   Uses
      At line 79 in file startup_stm32f10x_md.s
      At line 184 in file startup_stm32f10x_md.s

Default_Handler 00000016




ARM Macro Assembler    Page 3 Alphabetic symbol ordering
Relocatable symbols

Symbol: Default_Handler
   Definitions
      At line 196 in file startup_stm32f10x_md.s
   Uses
      None
Comment: Default_Handler unused
EXTI0_IRQHandler 00000016

Symbol: EXTI0_IRQHandler
   Definitions
      At line 248 in file startup_stm32f10x_md.s
   Uses
      At line 98 in file startup_stm32f10x_md.s
      At line 204 in file startup_stm32f10x_md.s

EXTI15_10_IRQHandler 00000016

Symbol: EXTI15_10_IRQHandler
   Definitions
      At line 282 in file startup_stm32f10x_md.s
   Uses
      At line 132 in file startup_stm32f10x_md.s
      At line 238 in file startup_stm32f10x_md.s

EXTI1_IRQHandler 00000016

Symbol: EXTI1_IRQHandler
   Definitions
      At line 249 in file startup_stm32f10x_md.s
   Uses
      At line 99 in file startup_stm32f10x_md.s
      At line 205 in file startup_stm32f10x_md.s

EXTI2_IRQHandler 00000016

Symbol: EXTI2_IRQHandler
   Definitions
      At line 250 in file startup_stm32f10x_md.s
   Uses
      At line 100 in file startup_stm32f10x_md.s
      At line 206 in file startup_stm32f10x_md.s

EXTI3_IRQHandler 00000016

Symbol: EXTI3_IRQHandler
   Definitions
      At line 251 in file startup_stm32f10x_md.s
   Uses
      At line 101 in file startup_stm32f10x_md.s
      At line 207 in file startup_stm32f10x_md.s

EXTI4_IRQHandler 00000016

Symbol: EXTI4_IRQHandler
   Definitions
      At line 252 in file startup_stm32f10x_md.s
   Uses
      At line 102 in file startup_stm32f10x_md.s
      At line 208 in file startup_stm32f10x_md.s



ARM Macro Assembler    Page 4 Alphabetic symbol ordering
Relocatable symbols


EXTI9_5_IRQHandler 00000016

Symbol: EXTI9_5_IRQHandler
   Definitions
      At line 265 in file startup_stm32f10x_md.s
   Uses
      At line 115 in file startup_stm32f10x_md.s
      At line 221 in file startup_stm32f10x_md.s

FLASH_IRQHandler 00000016

Symbol: FLASH_IRQHandler
   Definitions
      At line 246 in file startup_stm32f10x_md.s
   Uses
      At line 96 in file startup_stm32f10x_md.s
      At line 202 in file startup_stm32f10x_md.s

HardFault_Handler 00000006

Symbol: HardFault_Handler
   Definitions
      At line 159 in file startup_stm32f10x_md.s
   Uses
      At line 68 in file startup_stm32f10x_md.s
      At line 160 in file startup_stm32f10x_md.s

I2C1_ER_IRQHandler 00000016

Symbol: I2C1_ER_IRQHandler
   Definitions
      At line 274 in file startup_stm32f10x_md.s
   Uses
      At line 124 in file startup_stm32f10x_md.s
      At line 230 in file startup_stm32f10x_md.s

I2C1_EV_IRQHandler 00000016

Symbol: I2C1_EV_IRQHandler
   Definitions
      At line 273 in file startup_stm32f10x_md.s
   Uses
      At line 123 in file startup_stm32f10x_md.s
      At line 229 in file startup_stm32f10x_md.s

I2C2_ER_IRQHandler 00000016

Symbol: I2C2_ER_IRQHandler
   Definitions
      At line 276 in file startup_stm32f10x_md.s
   Uses
      At line 126 in file startup_stm32f10x_md.s
      At line 232 in file startup_stm32f10x_md.s

I2C2_EV_IRQHandler 00000016

Symbol: I2C2_EV_IRQHandler
   Definitions



ARM Macro Assembler    Page 5 Alphabetic symbol ordering
Relocatable symbols

      At line 275 in file startup_stm32f10x_md.s
   Uses
      At line 125 in file startup_stm32f10x_md.s
      At line 231 in file startup_stm32f10x_md.s

MemManage_Handler 00000008

Symbol: MemManage_Handler
   Definitions
      At line 164 in file startup_stm32f10x_md.s
   Uses
      At line 69 in file startup_stm32f10x_md.s
      At line 165 in file startup_stm32f10x_md.s

NMI_Handler 00000004

Symbol: NMI_Handler
   Definitions
      At line 154 in file startup_stm32f10x_md.s
   Uses
      At line 67 in file startup_stm32f10x_md.s
      At line 155 in file startup_stm32f10x_md.s

PVD_IRQHandler 00000016

Symbol: PVD_IRQHandler
   Definitions
      At line 243 in file startup_stm32f10x_md.s
   Uses
      At line 93 in file startup_stm32f10x_md.s
      At line 199 in file startup_stm32f10x_md.s

PendSV_Handler 00000012

Symbol: PendSV_Handler
   Definitions
      At line 187 in file startup_stm32f10x_md.s
   Uses
      At line 188 in file startup_stm32f10x_md.s
Comment: PendSV_Handler used once
RCC_IRQHandler 00000016

Symbol: RCC_IRQHandler
   Definitions
      At line 247 in file startup_stm32f10x_md.s
   Uses
      At line 97 in file startup_stm32f10x_md.s
      At line 203 in file startup_stm32f10x_md.s

RTCAlarm_IRQHandler 00000016

Symbol: RTCAlarm_IRQHandler
   Definitions
      At line 283 in file startup_stm32f10x_md.s
   Uses
      At line 133 in file startup_stm32f10x_md.s
      At line 239 in file startup_stm32f10x_md.s

RTC_IRQHandler 00000016



ARM Macro Assembler    Page 6 Alphabetic symbol ordering
Relocatable symbols


Symbol: RTC_IRQHandler
   Definitions
      At line 245 in file startup_stm32f10x_md.s
   Uses
      At line 95 in file startup_stm32f10x_md.s
      At line 201 in file startup_stm32f10x_md.s

Reset_Handler 00000000

Symbol: Reset_Handler
   Definitions
      At line 142 in file startup_stm32f10x_md.s
   Uses
      At line 66 in file startup_stm32f10x_md.s
      At line 143 in file startup_stm32f10x_md.s

SPI1_IRQHandler 00000016

Symbol: SPI1_IRQHandler
   Definitions
      At line 277 in file startup_stm32f10x_md.s
   Uses
      At line 127 in file startup_stm32f10x_md.s
      At line 233 in file startup_stm32f10x_md.s

SPI2_IRQHandler 00000016

Symbol: SPI2_IRQHandler
   Definitions
      At line 278 in file startup_stm32f10x_md.s
   Uses
      At line 128 in file startup_stm32f10x_md.s
      At line 234 in file startup_stm32f10x_md.s

SVC_Handler 0000000E

Symbol: SVC_Handler
   Definitions
      At line 178 in file startup_stm32f10x_md.s
   Uses
      At line 179 in file startup_stm32f10x_md.s
Comment: SVC_Handler used once
SysTick_Handler 00000014

Symbol: SysTick_Handler
   Definitions
      At line 191 in file startup_stm32f10x_md.s
   Uses
      At line 192 in file startup_stm32f10x_md.s
Comment: SysTick_Handler used once
TAMPER_IRQHandler 00000016

Symbol: TAMPER_IRQHandler
   Definitions
      At line 244 in file startup_stm32f10x_md.s
   Uses
      At line 94 in file startup_stm32f10x_md.s
      At line 200 in file startup_stm32f10x_md.s



ARM Macro Assembler    Page 7 Alphabetic symbol ordering
Relocatable symbols


TIM1_BRK_IRQHandler 00000016

Symbol: TIM1_BRK_IRQHandler
   Definitions
      At line 266 in file startup_stm32f10x_md.s
   Uses
      At line 116 in file startup_stm32f10x_md.s
      At line 222 in file startup_stm32f10x_md.s

TIM1_CC_IRQHandler 00000016

Symbol: TIM1_CC_IRQHandler
   Definitions
      At line 269 in file startup_stm32f10x_md.s
   Uses
      At line 119 in file startup_stm32f10x_md.s
      At line 225 in file startup_stm32f10x_md.s

TIM1_TRG_COM_IRQHandler 00000016

Symbol: TIM1_TRG_COM_IRQHandler
   Definitions
      At line 268 in file startup_stm32f10x_md.s
   Uses
      At line 118 in file startup_stm32f10x_md.s
      At line 224 in file startup_stm32f10x_md.s

TIM1_UP_IRQHandler 00000016

Symbol: TIM1_UP_IRQHandler
   Definitions
      At line 267 in file startup_stm32f10x_md.s
   Uses
      At line 117 in file startup_stm32f10x_md.s
      At line 223 in file startup_stm32f10x_md.s

TIM2_IRQHandler 00000016

Symbol: TIM2_IRQHandler
   Definitions
      At line 270 in file startup_stm32f10x_md.s
   Uses
      At line 120 in file startup_stm32f10x_md.s
      At line 226 in file startup_stm32f10x_md.s

TIM3_IRQHandler 00000016

Symbol: TIM3_IRQHandler
   Definitions
      At line 271 in file startup_stm32f10x_md.s
   Uses
      At line 121 in file startup_stm32f10x_md.s
      At line 227 in file startup_stm32f10x_md.s

TIM4_IRQHandler 00000016

Symbol: TIM4_IRQHandler
   Definitions



ARM Macro Assembler    Page 8 Alphabetic symbol ordering
Relocatable symbols

      At line 272 in file startup_stm32f10x_md.s
   Uses
      At line 122 in file startup_stm32f10x_md.s
      At line 228 in file startup_stm32f10x_md.s

USART1_IRQHandler 00000016

Symbol: USART1_IRQHandler
   Definitions
      At line 279 in file startup_stm32f10x_md.s
   Uses
      At line 129 in file startup_stm32f10x_md.s
      At line 235 in file startup_stm32f10x_md.s

USART2_IRQHandler 00000016

Symbol: USART2_IRQHandler
   Definitions
      At line 280 in file startup_stm32f10x_md.s
   Uses
      At line 130 in file startup_stm32f10x_md.s
      At line 236 in file startup_stm32f10x_md.s

USART3_IRQHandler 00000016

Symbol: USART3_IRQHandler
   Definitions
      At line 281 in file startup_stm32f10x_md.s
   Uses
      At line 131 in file startup_stm32f10x_md.s
      At line 237 in file startup_stm32f10x_md.s

USBWakeUp_IRQHandler 00000016

Symbol: USBWakeUp_IRQHandler
   Definitions
      At line 284 in file startup_stm32f10x_md.s
   Uses
      At line 134 in file startup_stm32f10x_md.s
      At line 240 in file startup_stm32f10x_md.s

USB_HP_CAN1_TX_IRQHandler 00000016

Symbol: USB_HP_CAN1_TX_IRQHandler
   Definitions
      At line 261 in file startup_stm32f10x_md.s
   Uses
      At line 111 in file startup_stm32f10x_md.s
      At line 217 in file startup_stm32f10x_md.s

USB_LP_CAN1_RX0_IRQHandler 00000016

Symbol: USB_LP_CAN1_RX0_IRQHandler
   Definitions
      At line 262 in file startup_stm32f10x_md.s
   Uses
      At line 112 in file startup_stm32f10x_md.s
      At line 218 in file startup_stm32f10x_md.s




ARM Macro Assembler    Page 9 Alphabetic symbol ordering
Relocatable symbols

UsageFault_Handler 0000000C

Symbol: UsageFault_Handler
   Definitions
      At line 174 in file startup_stm32f10x_md.s
   Uses
      At line 71 in file startup_stm32f10x_md.s
      At line 175 in file startup_stm32f10x_md.s

WWDG_IRQHandler 00000016

Symbol: WWDG_IRQHandler
   Definitions
      At line 242 in file startup_stm32f10x_md.s
   Uses
      At line 92 in file startup_stm32f10x_md.s
      At line 198 in file startup_stm32f10x_md.s

55 symbols



ARM Macro Assembler    Page 1 Alphabetic symbol ordering
Absolute symbols

Heap_Size 00000200

Symbol: Heap_Size
   Definitions
      At line 44 in file startup_stm32f10x_md.s
   Uses
      At line 48 in file startup_stm32f10x_md.s
Comment: Heap_Size used once
Stack_Size 00000200

Symbol: Stack_Size
   Definitions
      At line 33 in file startup_stm32f10x_md.s
   Uses
      At line 36 in file startup_stm32f10x_md.s
Comment: Stack_Size used once
__Vectors_Size 000000EC

Symbol: __Vectors_Size
   Definitions
      At line 137 in file startup_stm32f10x_md.s
   Uses
      At line 63 in file startup_stm32f10x_md.s
Comment: __Vectors_Size used once
3 symbols



ARM Macro Assembler    Page 1 Alphabetic symbol ordering
External symbols

__main 00000000

Symbol: __main
   Definitions
      At line 144 in file startup_stm32f10x_md.s
   Uses
      At line 148 in file startup_stm32f10x_md.s
Comment: __main used once
vPortSVCHandler 00000000

Symbol: vPortSVCHandler
   Definitions
      At line 56 in file startup_stm32f10x_md.s
   Uses
      At line 77 in file startup_stm32f10x_md.s
Comment: vPortSVCHandler used once
xPortPendSVHandler 00000000

Symbol: xPortPendSVHandler
   Definitions
      At line 54 in file startup_stm32f10x_md.s
   Uses
      At line 82 in file startup_stm32f10x_md.s
Comment: xPortPendSVHandler used once
xPortSysTickHandler 00000000

Symbol: xPortSysTickHandler
   Definitions
      At line 55 in file startup_stm32f10x_md.s
   Uses
      At line 84 in file startup_stm32f10x_md.s
Comment: xPortSysTickHandler used once
4 symbols
408 symbols in table
